<?xml version="1.0" encoding="UTF-8"?>
<!-- Generated by org.testng.reporters.JUnitReportReporter -->
<testsuite hostname="MININT-DPNQ1NL" failures="0" tests="2" name="Com.TestLayer.HomePagetest" time="3.535" errors="0" timestamp="2021-11-06T14:48:30 IST" skipped="0">
  <testcase classname="Com.TestLayer.HomePagetest" name="validateURL" time="3.528"/>
  <system-out/>
  <testcase classname="Com.TestLayer.HomePagetest" name="validateTitle" time="0.007"/>
  <system-out/>
</testsuite> <!-- Com.TestLayer.HomePagetest -->
